<?xml version="1.0" encoding="UTF-8"?>
<!-- Generated by org.testng.reporters.JUnitReportReporter -->
<testsuite hostname="DESKTOP-IIAEGH5" name="com.nd.tests.Test_31" tests="1" failures="0" timestamp="10 Oct 2016 08:51:15 GMT" time="0.003" errors="0">
  <testcase name="test_30" time="0.003" classname="com.nd.tests.Test_31"/>
</testsuite> <!-- com.nd.tests.Test_31 -->
